INFO:werkzeug: * Detected change in 'C:\\Users\\ivantp\\Downloads\\flask-react-project\\backend\\config.py', reloading
INFO:werkzeug: * Restarting with stat
INFO:apscheduler.scheduler:Scheduler started
INFO:apscheduler.scheduler:Added job "auto_update_imports_wrapper" to job store "default"
WARNING:werkzeug: * Debugger is active!
INFO:werkzeug: * Debugger PIN: 111-947-065
INFO:werkzeug: * Detected change in 'C:\\Users\\ivantp\\Downloads\\flask-react-project\\backend\\importdados.py', reloading
INFO:werkzeug: * Restarting with stat
INFO:apscheduler.scheduler:Scheduler started
INFO:apscheduler.scheduler:Added job "auto_update_imports_wrapper" to job store "default"
WARNING:werkzeug: * Debugger is active!
INFO:werkzeug: * Debugger PIN: 111-947-065
INFO:werkzeug: * Detected change in 'C:\\Users\\ivantp\\Downloads\\flask-react-project\\backend\\app.py', reloading
INFO:werkzeug: * Restarting with stat
INFO:apscheduler.scheduler:Scheduler started
INFO:apscheduler.scheduler:Added job "auto_update_imports_wrapper" to job store "default"
WARNING:werkzeug: * Debugger is active!
INFO:werkzeug: * Debugger PIN: 111-947-065
INFO:flask_caching:Cache used for key: view//api/unidades-saude
INFO:flask_caching:Cache used for key: view//api/unidades-saude
INFO:flask_caching:Cache used for key: view//api/unidades-saude
INFO:root:2024-10-25 09:57:12.973273: Status da tarefa cadastro: running
INFO:root:2024-10-25 09:58:23.620923: Status da tarefa cadastro: completed
INFO:werkzeug: * Detected change in 'C:\\Users\\ivantp\\Downloads\\flask-react-project\\backend\\Consultas.py', reloading
INFO:werkzeug: * Restarting with stat
INFO:apscheduler.scheduler:Scheduler started
INFO:apscheduler.scheduler:Added job "auto_update_imports_wrapper" to job store "default"
WARNING:werkzeug: * Debugger is active!
INFO:werkzeug: * Debugger PIN: 111-947-065
INFO:werkzeug: * Detected change in 'C:\\Users\\ivantp\\Downloads\\flask-react-project\\backend\\Gerar_BPA.py', reloading
INFO:werkzeug: * Restarting with stat
INFO:apscheduler.scheduler:Scheduler started
INFO:apscheduler.scheduler:Added job "auto_update_imports_wrapper" to job store "default"
WARNING:werkzeug: * Debugger is active!
INFO:werkzeug: * Debugger PIN: 111-947-065
INFO:werkzeug: * Detected change in 'C:\\Users\\ivantp\\Downloads\\flask-react-project\\backend\\app.py', reloading
INFO:werkzeug: * Restarting with stat
INFO:apscheduler.scheduler:Scheduler started
INFO:apscheduler.scheduler:Added job "auto_update_imports_wrapper" to job store "default"
WARNING:werkzeug: * Debugger is active!
INFO:werkzeug: * Debugger PIN: 111-947-065
INFO:root:2024-10-25 10:06:40.999712: Status da tarefa cadastro: running
INFO:root:2024-10-25 10:06:48.299599: Status da tarefa cadastro: failed
INFO:root:2024-10-25 10:07:03.703180: Status da tarefa domiciliofcd: running
INFO:root:2024-10-25 10:07:22.365983: Status da tarefa domiciliofcd: failed
INFO:werkzeug: * Detected change in 'C:\\Users\\ivantp\\Downloads\\flask-react-project\\backend\\app.py', reloading
INFO:werkzeug: * Restarting with stat
INFO:apscheduler.scheduler:Scheduler started
INFO:apscheduler.scheduler:Added job "auto_update_imports_wrapper" to job store "default"
WARNING:werkzeug: * Debugger is active!
INFO:werkzeug: * Debugger PIN: 111-947-065
INFO:root:2024-10-25 10:08:23.225786: Status da tarefa cadastro: running
INFO:root:2024-10-25 10:08:28.805046: Status da tarefa cadastro: failed
INFO:apscheduler.scheduler:Scheduler started
INFO:apscheduler.scheduler:Added job "auto_update_imports_wrapper" to job store "default"
INFO:werkzeug: * Restarting with stat
INFO:apscheduler.scheduler:Scheduler started
INFO:apscheduler.scheduler:Added job "auto_update_imports_wrapper" to job store "default"
WARNING:werkzeug: * Debugger is active!
INFO:werkzeug: * Debugger PIN: 111-947-065
INFO:root:2024-10-25 10:09:34.354144: Status da tarefa cadastro: running
INFO:root:2024-10-25 10:09:40.580563: Status da tarefa cadastro: failed
INFO:werkzeug: * Detected change in 'C:\\Users\\ivantp\\Downloads\\flask-react-project\\backend\\Consultas.py', reloading
INFO:werkzeug: * Restarting with stat
INFO:apscheduler.scheduler:Scheduler started
INFO:apscheduler.scheduler:Added job "auto_update_imports_wrapper" to job store "default"
WARNING:werkzeug: * Debugger is active!
INFO:werkzeug: * Debugger PIN: 111-947-065
INFO:root:2024-10-25 10:09:59.749280: Status da tarefa cadastro: running
INFO:werkzeug: * Detected change in 'C:\\Users\\ivantp\\Downloads\\flask-react-project\\backend\\app.py', reloading
INFO:werkzeug: * Restarting with stat
INFO:apscheduler.scheduler:Scheduler started
INFO:apscheduler.scheduler:Added job "auto_update_imports_wrapper" to job store "default"
WARNING:werkzeug: * Debugger is active!
INFO:werkzeug: * Debugger PIN: 111-947-065
INFO:root:2024-10-25 10:10:54.913008: Status da tarefa cadastro: running
INFO:root:2024-10-25 10:12:47.221516: Status da tarefa cadastro: completed
INFO:root:2024-10-25 10:16:03.031727: Status da tarefa cadastro: running
INFO:root:2024-10-25 10:17:17.137399: Status da tarefa cadastro: completed
INFO:root:2024-10-25 10:22:55.329956: Status da tarefa cadastro: running
INFO:root:2024-10-25 10:24:17.914305: Status da tarefa cadastro: completed
INFO:root:2024-10-25 10:25:42.782001: Status da tarefa cadastro: running
INFO:root:2024-10-25 10:27:14.350684: Status da tarefa cadastro: completed
INFO:root:2024-10-25 10:31:50.589796: Status da tarefa cadastro: running
INFO:werkzeug: * Detected change in 'C:\\Users\\ivantp\\Downloads\\flask-react-project\\backend\\app.py', reloading
INFO:werkzeug: * Restarting with stat
INFO:apscheduler.scheduler:Scheduler started
INFO:apscheduler.scheduler:Added job "auto_update_imports_wrapper" to job store "default"
WARNING:werkzeug: * Debugger is active!
INFO:werkzeug: * Debugger PIN: 111-947-065
INFO:werkzeug: * Detected change in 'C:\\Users\\ivantp\\Downloads\\flask-react-project\\backend\\venv\\Lib\\site-packages\\dns\\inet.py', reloading
INFO:werkzeug: * Restarting with stat
INFO:apscheduler.scheduler:Scheduler started
INFO:apscheduler.scheduler:Added job "auto_update_imports_wrapper" to job store "default"
WARNING:werkzeug: * Debugger is active!
INFO:werkzeug: * Debugger PIN: 111-947-065
INFO:werkzeug: * Detected change in 'C:\\Users\\ivantp\\Downloads\\flask-react-project\\backend\\venv\\Lib\\site-packages\\dns\\inet.py', reloading
INFO:werkzeug: * Restarting with stat
INFO:apscheduler.scheduler:Scheduler started
INFO:apscheduler.scheduler:Added job "auto_update_imports_wrapper" to job store "default"
WARNING:werkzeug: * Debugger is active!
INFO:werkzeug: * Debugger PIN: 111-947-065
INFO:root:2024-10-25 10:34:42.508633: Status da tarefa cadastro: running
INFO:root:2024-10-25 10:35:46.609010: Status da tarefa cadastro: completed
INFO:root:2024-10-25 10:39:47.070468: Status da tarefa cadastro: running
INFO:root:2024-10-25 10:40:48.178825: Status da tarefa cadastro: completed
INFO:root:2024-10-25 10:40:57.053536: Status da tarefa domiciliofcd: running
INFO:root:2024-10-25 10:41:09.035373: Status da tarefa domiciliofcd: completed
INFO:root:2024-10-25 10:42:49.712272: Status da tarefa cadastro: running
INFO:root:2024-10-25 10:43:58.847183: Status da tarefa cadastro: completed
INFO:root:2024-10-25 10:45:21.985610: Status da tarefa domiciliofcd: running
INFO:root:2024-10-25 10:45:31.749098: Status da tarefa domiciliofcd: completed
INFO:apscheduler.scheduler:Scheduler started
INFO:apscheduler.scheduler:Added job "auto_update_imports_wrapper" to job store "default"
INFO:werkzeug: * Restarting with stat
INFO:apscheduler.scheduler:Scheduler started
INFO:apscheduler.scheduler:Added job "auto_update_imports_wrapper" to job store "default"
WARNING:werkzeug: * Debugger is active!
INFO:werkzeug: * Debugger PIN: 111-947-065
INFO:root:2024-10-25 10:48:15.838386: Status da tarefa cadastro: running
INFO:flask_caching:Cache used for key: view//api/unidades-saude
INFO:flask_caching:Cache used for key: view//api/unidades-saude
INFO:flask_caching:Cache used for key: view//api/unidades-saude
INFO:flask_caching:Cache used for key: view//api/unidades-saude
INFO:flask_caching:Cache used for key: view//api/unidades-saude
INFO:flask_caching:Cache used for key: view//api/unidades-saude
INFO:flask_caching:Cache used for key: view//api/unidades-saude
INFO:root:2024-10-25 10:49:30.655340: Status da tarefa cadastro: completed
INFO:root:2024-10-25 10:49:57.707366: Status da tarefa domiciliofcd: running
INFO:root:2024-10-25 10:50:07.859675: Status da tarefa domiciliofcd: completed
INFO:root:2024-10-25 10:50:39.451247: Status da tarefa cadastro: running
INFO:root:2024-10-25 10:51:42.198334: Status da tarefa cadastro: completed
INFO:root:2024-10-25 10:54:46.959655: Status da tarefa cadastro: running
INFO:root:2024-10-25 10:56:06.075075: Status da tarefa cadastro: completed
INFO:root:2024-10-25 11:18:38.380784: Status da tarefa cadastro: running
INFO:root:2024-10-25 11:20:10.004986: Status da tarefa cadastro: completed
INFO:flask_caching:Cache used for key: view//api/unidades-saude
INFO:flask_caching:Cache used for key: view//api/unidades-saude
INFO:flask_caching:Cache used for key: view//api/unidades-saude
INFO:apscheduler.scheduler:Scheduler started
INFO:apscheduler.scheduler:Added job "auto_update_imports_wrapper" to job store "default"
INFO:werkzeug: * Restarting with stat
INFO:apscheduler.scheduler:Scheduler started
INFO:apscheduler.scheduler:Added job "auto_update_imports_wrapper" to job store "default"
WARNING:werkzeug: * Debugger is active!
INFO:werkzeug: * Debugger PIN: 111-947-065
INFO:werkzeug: * Detected change in 'C:\\Users\\ivantp\\Downloads\\flask-react-project\\backend\\Consultas.py', reloading
INFO:werkzeug: * Restarting with stat
INFO:apscheduler.scheduler:Scheduler started
INFO:apscheduler.scheduler:Added job "auto_update_imports_wrapper" to job store "default"
WARNING:werkzeug: * Debugger is active!
INFO:werkzeug: * Debugger PIN: 111-947-065
INFO:root:2024-11-18 15:49:21.412328: Status da tarefa bpa: running
INFO:root:2024-11-18 15:50:52.939892: Status da tarefa bpa: completed
INFO:root:2024-11-18 15:50:58.675893: Status da tarefa bpa: running
INFO:root:2024-11-18 15:52:20.288402: Status da tarefa bpa: completed
INFO:apscheduler.executors.default:Running job "auto_update_imports_wrapper (trigger: cron[hour='23', minute='0'], next run at: 2024-11-19 23:00:00 -03)" (scheduled at 2024-11-18 23:00:00-03:00)
INFO:apscheduler.executors.default:Running job "auto_update_imports_wrapper (trigger: cron[hour='23', minute='0'], next run at: 2024-11-19 23:00:00 -03)" (scheduled at 2024-11-18 23:00:00-03:00)
INFO:root:2024-11-18 23:00:00.523664: Status da tarefa cadastro: running
INFO:root:2024-11-18 23:00:00.524675: Status da tarefa cadastro: running
INFO:root:2024-11-18 23:00:48.837443: Status da tarefa cadastro: completed
INFO:root:2024-11-18 23:00:56.897117: Status da tarefa cadastro: completed
INFO:root:2024-11-18 23:00:59.913177: Status da tarefa domiciliofcd: running
INFO:root:2024-11-18 23:01:07.970797: Status da tarefa domiciliofcd: running
INFO:root:2024-11-18 23:01:20.295369: Status da tarefa domiciliofcd: completed
INFO:root:2024-11-18 23:01:20.463639: Status da tarefa domiciliofcd: completed
INFO:root:2024-11-18 23:01:31.367184: Status da tarefa visitas: running
INFO:root:2024-11-18 23:01:31.528460: Status da tarefa visitas: running
INFO:root:2024-11-18 23:08:05.980702: Status da tarefa visitas: completed
INFO:root:2024-11-18 23:08:08.467487: Status da tarefa visitas: completed
INFO:root:2024-11-18 23:08:17.049636: Status da tarefa iaf: running
INFO:root:2024-11-18 23:08:17.800191: Status da tarefa iaf: completed
INFO:root:2024-11-18 23:08:19.556276: Status da tarefa iaf: running
INFO:root:2024-11-18 23:08:20.072679: Status da tarefa iaf: completed
INFO:root:2024-11-18 23:08:28.892747: Status da tarefa pse: running
INFO:root:2024-11-18 23:08:29.367015: Status da tarefa pse: completed
INFO:root:2024-11-18 23:08:31.139664: Status da tarefa pse: running
INFO:root:2024-11-18 23:08:31.578816: Status da tarefa pse: completed
INFO:root:2024-11-18 23:08:40.447950: Status da tarefa pse_prof: running
INFO:root:2024-11-18 23:08:41.002857: Status da tarefa pse_prof: completed
INFO:root:2024-11-18 23:08:42.655440: Status da tarefa pse_prof: running
INFO:root:2024-11-18 23:08:43.153549: Status da tarefa pse_prof: completed
INFO:apscheduler.executors.default:Job "auto_update_imports_wrapper (trigger: cron[hour='23', minute='0'], next run at: 2024-11-19 23:00:00 -03)" executed successfully
INFO:apscheduler.executors.default:Job "auto_update_imports_wrapper (trigger: cron[hour='23', minute='0'], next run at: 2024-11-19 23:00:00 -03)" executed successfully
INFO:werkzeug: * Detected change in 'C:\\Users\\ivantp\\Downloads\\flask-react-project\\backend\\Consultas.py', reloading
INFO:werkzeug: * Restarting with stat
INFO:apscheduler.scheduler:Scheduler started
INFO:apscheduler.scheduler:Added job "auto_update_imports_wrapper" to job store "default"
WARNING:werkzeug: * Debugger is active!
INFO:werkzeug: * Debugger PIN: 111-947-065
INFO:root:2024-11-19 09:31:17.141925: Status da tarefa bpa: running
INFO:root:2024-11-19 09:31:17.500335: Status da tarefa bpa: failed
INFO:werkzeug: * Detected change in 'C:\\Users\\ivantp\\Downloads\\flask-react-project\\backend\\Consultas.py', reloading
INFO:werkzeug: * Restarting with stat
INFO:apscheduler.scheduler:Scheduler started
INFO:apscheduler.scheduler:Added job "auto_update_imports_wrapper" to job store "default"
WARNING:werkzeug: * Debugger is active!
INFO:werkzeug: * Debugger PIN: 111-947-065
INFO:root:2024-11-19 09:35:38.500009: Status da tarefa bpa: running
INFO:werkzeug: * Detected change in 'C:\\Users\\ivantp\\Downloads\\flask-react-project\\backend\\Consultas.py', reloading
INFO:werkzeug: * Restarting with stat
INFO:apscheduler.scheduler:Scheduler started
INFO:apscheduler.scheduler:Added job "auto_update_imports_wrapper" to job store "default"
WARNING:werkzeug: * Debugger is active!
INFO:werkzeug: * Debugger PIN: 111-947-065
INFO:root:2024-11-19 09:42:00.766959: Status da tarefa bpa: running
INFO:root:2024-11-19 09:45:23.909727: Status da tarefa bpa: completed
INFO:root:2024-11-19 09:45:37.356542: Status da tarefa bpa: running
INFO:root:2024-11-19 09:48:58.919002: Status da tarefa bpa: completed
INFO:werkzeug: * Detected change in 'C:\\Users\\ivantp\\Downloads\\flask-react-project\\backend\\Consultas.py', reloading
INFO:werkzeug: * Restarting with stat
INFO:apscheduler.scheduler:Scheduler started
INFO:apscheduler.scheduler:Added job "auto_update_imports_wrapper" to job store "default"
WARNING:werkzeug: * Debugger is active!
INFO:werkzeug: * Debugger PIN: 111-947-065
INFO:werkzeug: * Detected change in 'C:\\Users\\ivantp\\Downloads\\flask-react-project\\backend\\Consultas.py', reloading
INFO:werkzeug: * Restarting with stat
INFO:apscheduler.scheduler:Scheduler started
INFO:apscheduler.scheduler:Added job "auto_update_imports_wrapper" to job store "default"
WARNING:werkzeug: * Debugger is active!
INFO:werkzeug: * Debugger PIN: 111-947-065
INFO:root:2024-11-19 10:42:28.990384: Status da tarefa bpa: running
INFO:root:2024-11-19 10:44:39.650730: Status da tarefa bpa: completed
INFO:root:2024-11-19 10:45:44.429798: Status da tarefa bpa: running
INFO:root:2024-11-19 10:47:24.949196: Status da tarefa bpa: completed
INFO:root:2024-11-19 11:13:55.732083: Status da tarefa bpa: running
INFO:root:2024-11-19 11:15:58.472259: Status da tarefa bpa: completed
INFO:apscheduler.executors.default:Running job "auto_update_imports_wrapper (trigger: cron[hour='23', minute='0'], next run at: 2024-11-20 23:00:00 -03)" (scheduled at 2024-11-19 23:00:00-03:00)
INFO:root:2024-11-19 23:00:00.817087: Status da tarefa cadastro: running
WARNING:apscheduler.executors.default:Run time of job "auto_update_imports_wrapper (trigger: cron[hour='23', minute='0'], next run at: 2024-11-20 23:00:00 -03)" was missed by 0:00:01.403305
INFO:root:2024-11-19 23:00:42.386802: Status da tarefa cadastro: completed
INFO:root:2024-11-19 23:00:53.474345: Status da tarefa domiciliofcd: running
INFO:root:2024-11-19 23:01:11.219537: Status da tarefa domiciliofcd: completed
INFO:root:2024-11-19 23:01:22.299374: Status da tarefa visitas: running
INFO:root:2024-11-19 23:06:29.640752: Status da tarefa visitas: completed
INFO:root:2024-11-19 23:06:40.718589: Status da tarefa iaf: running
INFO:root:2024-11-19 23:06:41.559110: Status da tarefa iaf: completed
INFO:root:2024-11-19 23:06:52.631193: Status da tarefa pse: running
INFO:root:2024-11-19 23:06:53.086286: Status da tarefa pse: completed
INFO:root:2024-11-19 23:07:04.171345: Status da tarefa pse_prof: running
INFO:root:2024-11-19 23:07:04.754313: Status da tarefa pse_prof: completed
INFO:apscheduler.executors.default:Job "auto_update_imports_wrapper (trigger: cron[hour='23', minute='0'], next run at: 2024-11-20 23:00:00 -03)" executed successfully
INFO:apscheduler.scheduler:Scheduler started
INFO:apscheduler.scheduler:Added job "auto_update_imports_wrapper" to job store "default"
INFO:werkzeug: * Restarting with stat
INFO:apscheduler.scheduler:Scheduler started
INFO:apscheduler.scheduler:Added job "auto_update_imports_wrapper" to job store "default"
WARNING:werkzeug: * Debugger is active!
INFO:werkzeug: * Debugger PIN: 111-947-065
INFO:root:2024-11-26 09:20:48.261356: Status da tarefa bpa: running
INFO:root:2024-11-26 09:22:15.462004: Status da tarefa bpa: completed
INFO:flask_caching:Cache used for key: view//api/unidades-saude
INFO:flask_caching:Cache used for key: view//api/unidades-saude
INFO:flask_caching:Cache used for key: view//api/unidades-saude
INFO:root:2024-11-26 09:34:07.880896: Status da tarefa bpa: running
INFO:root:2024-11-26 09:34:29.919470: Status da tarefa bpa: completed
INFO:flask_caching:Cache used for key: view//api/unidades-saude
INFO:flask_caching:Cache used for key: view//api/unidades-saude
INFO:flask_caching:Cache used for key: view//api/unidades-saude
INFO:flask_caching:Cache used for key: view//api/unidades-saude
INFO:werkzeug: * Detected change in 'C:\\Users\\ivantp\\Downloads\\flask-react-project\\backend\\Gerar_BPA.py', reloading
INFO:werkzeug: * Restarting with stat
INFO:apscheduler.scheduler:Scheduler started
INFO:apscheduler.scheduler:Added job "auto_update_imports_wrapper" to job store "default"
WARNING:werkzeug: * Debugger is active!
INFO:werkzeug: * Debugger PIN: 111-947-065
INFO:root:2024-11-26 11:56:45.754283: Status da tarefa bpa: running
INFO:root:2024-11-26 11:58:02.804010: Status da tarefa bpa: completed
INFO:werkzeug: * Detected change in 'C:\\Users\\ivantp\\Downloads\\flask-react-project\\backend\\Gerar_BPA.py', reloading
INFO:werkzeug: * Restarting with stat
INFO:apscheduler.scheduler:Scheduler started
INFO:apscheduler.scheduler:Added job "auto_update_imports_wrapper" to job store "default"
WARNING:werkzeug: * Debugger is active!
INFO:werkzeug: * Debugger PIN: 111-947-065
INFO:root:2024-11-26 14:47:09.594141: Status da tarefa bpa: running
INFO:root:2024-11-26 14:48:29.441729: Status da tarefa bpa: completed
INFO:werkzeug: * Detected change in 'C:\\Users\\ivantp\\Downloads\\flask-react-project\\backend\\Gerar_BPA.py', reloading
INFO:werkzeug: * Restarting with stat
INFO:apscheduler.scheduler:Scheduler started
INFO:apscheduler.scheduler:Added job "auto_update_imports_wrapper" to job store "default"
WARNING:werkzeug: * Debugger is active!
INFO:werkzeug: * Debugger PIN: 111-947-065
INFO:werkzeug: * Detected change in 'C:\\Users\\ivantp\\Downloads\\flask-react-project\\backend\\Gerar_BPA.py', reloading
INFO:apscheduler.scheduler:Scheduler started
INFO:apscheduler.scheduler:Added job "auto_update_imports_wrapper" to job store "default"
INFO:werkzeug: * Restarting with stat
INFO:apscheduler.scheduler:Scheduler started
INFO:apscheduler.scheduler:Added job "auto_update_imports_wrapper" to job store "default"
WARNING:werkzeug: * Debugger is active!
INFO:werkzeug: * Debugger PIN: 111-947-065
INFO:root:2024-11-26 14:59:44.992953: Status da tarefa bpa: running
INFO:root:2024-11-26 15:00:55.136001: Status da tarefa bpa: completed
INFO:executar_procedure_quarta:12106 registros processados.
INFO:executar_procedure_quarta:Max Folha Quarta: 421
INFO:werkzeug: * Detected change in 'C:\\Users\\ivantp\\Downloads\\flask-react-project\\backend\\Gerar_BPA.py', reloading
INFO:werkzeug: * Restarting with stat
INFO:apscheduler.scheduler:Scheduler started
INFO:apscheduler.scheduler:Added job "auto_update_imports_wrapper" to job store "default"
WARNING:werkzeug: * Debugger is active!
INFO:werkzeug: * Debugger PIN: 111-947-065
INFO:werkzeug: * Detected change in 'C:\\Users\\ivantp\\Downloads\\flask-react-project\\backend\\Gerar_BPA.py', reloading
INFO:werkzeug: * Restarting with stat
INFO:apscheduler.scheduler:Scheduler started
INFO:apscheduler.scheduler:Added job "auto_update_imports_wrapper" to job store "default"
WARNING:werkzeug: * Debugger is active!
INFO:werkzeug: * Debugger PIN: 111-947-065
INFO:werkzeug: * Detected change in 'C:\\Users\\ivantp\\Downloads\\flask-react-project\\backend\\Gerar_BPA.py', reloading
INFO:werkzeug: * Restarting with stat
INFO:apscheduler.scheduler:Scheduler started
INFO:apscheduler.scheduler:Added job "auto_update_imports_wrapper" to job store "default"
WARNING:werkzeug: * Debugger is active!
INFO:werkzeug: * Debugger PIN: 111-947-065
INFO:root:2024-11-26 15:13:14.919222: Status da tarefa bpa: running
INFO:root:2024-11-26 15:14:18.984939: Status da tarefa bpa: completed
INFO:werkzeug: * Detected change in 'C:\\Users\\ivantp\\Downloads\\flask-react-project\\backend\\Gerar_BPA.py', reloading
INFO:werkzeug: * Restarting with stat
INFO:apscheduler.scheduler:Scheduler started
INFO:apscheduler.scheduler:Added job "auto_update_imports_wrapper" to job store "default"
WARNING:werkzeug: * Debugger is active!
INFO:werkzeug: * Debugger PIN: 111-947-065
INFO:werkzeug: * Detected change in 'C:\\Users\\ivantp\\Downloads\\flask-react-project\\backend\\Gerar_BPA.py', reloading
INFO:werkzeug: * Restarting with stat
INFO:apscheduler.scheduler:Scheduler started
INFO:apscheduler.scheduler:Added job "auto_update_imports_wrapper" to job store "default"
WARNING:werkzeug: * Debugger is active!
INFO:werkzeug: * Debugger PIN: 111-947-065
INFO:root:2024-11-26 15:29:03.944201: Status da tarefa bpa: running
INFO:root:2024-11-26 15:30:08.381263: Status da tarefa bpa: completed
INFO:werkzeug: * Detected change in 'C:\\Users\\ivantp\\Downloads\\flask-react-project\\backend\\Gerar_BPA.py', reloading
INFO:werkzeug: * Restarting with stat
INFO:apscheduler.scheduler:Scheduler started
INFO:apscheduler.scheduler:Added job "auto_update_imports_wrapper" to job store "default"
WARNING:werkzeug: * Debugger is active!
INFO:werkzeug: * Debugger PIN: 111-947-065
INFO:root:2024-11-26 15:35:29.462759: Status da tarefa bpa: running
INFO:root:2024-11-26 15:36:32.912241: Status da tarefa bpa: completed
INFO:werkzeug: * Detected change in 'C:\\Users\\ivantp\\Downloads\\flask-react-project\\backend\\Gerar_BPA.py', reloading
INFO:werkzeug: * Restarting with stat
INFO:apscheduler.scheduler:Scheduler started
INFO:apscheduler.scheduler:Added job "auto_update_imports_wrapper" to job store "default"
WARNING:werkzeug: * Debugger is active!
INFO:werkzeug: * Debugger PIN: 111-947-065
INFO:root:2024-11-26 16:07:35.221353: Status da tarefa bpa: running
INFO:root:2024-11-26 16:08:44.706935: Status da tarefa bpa: completed
INFO:apscheduler.executors.default:Running job "auto_update_imports_wrapper (trigger: cron[hour='23', minute='0'], next run at: 2024-11-27 23:00:00 -03)" (scheduled at 2024-11-26 23:00:00-03:00)
INFO:apscheduler.executors.default:Running job "auto_update_imports_wrapper (trigger: cron[hour='23', minute='0'], next run at: 2024-11-27 23:00:00 -03)" (scheduled at 2024-11-26 23:00:00-03:00)
INFO:root:2024-11-26 23:00:00.577412: Status da tarefa cadastro: running
INFO:root:2024-11-26 23:00:00.592701: Status da tarefa cadastro: running
INFO:root:2024-11-26 23:00:50.520341: Status da tarefa cadastro: completed
INFO:root:2024-11-26 23:00:51.993479: Status da tarefa cadastro: completed
INFO:root:2024-11-26 23:01:01.591559: Status da tarefa domiciliofcd: running
INFO:root:2024-11-26 23:01:03.066236: Status da tarefa domiciliofcd: running
INFO:root:2024-11-26 23:01:21.854972: Status da tarefa domiciliofcd: completed
INFO:root:2024-11-26 23:01:21.872186: Status da tarefa domiciliofcd: completed
INFO:root:2024-11-26 23:01:32.912310: Status da tarefa visitas: running
INFO:root:2024-11-26 23:01:32.958079: Status da tarefa visitas: running
INFO:root:2024-11-26 23:08:17.704782: Status da tarefa visitas: completed
INFO:root:2024-11-26 23:08:18.443341: Status da tarefa visitas: completed
INFO:root:2024-11-26 23:08:28.794840: Status da tarefa iaf: running
INFO:root:2024-11-26 23:08:29.388368: Status da tarefa iaf: completed
INFO:root:2024-11-26 23:08:29.507583: Status da tarefa iaf: running
INFO:root:2024-11-26 23:08:29.981470: Status da tarefa iaf: completed
INFO:root:2024-11-26 23:08:40.457363: Status da tarefa pse: running
INFO:root:2024-11-26 23:08:40.878439: Status da tarefa pse: completed
INFO:root:2024-11-26 23:08:41.062074: Status da tarefa pse: running
INFO:root:2024-11-26 23:08:41.447421: Status da tarefa pse: completed
INFO:root:2024-11-26 23:08:51.944551: Status da tarefa pse_prof: running
INFO:root:2024-11-26 23:08:52.437409: Status da tarefa pse_prof: completed
INFO:root:2024-11-26 23:08:52.519319: Status da tarefa pse_prof: running
INFO:root:2024-11-26 23:08:52.997508: Status da tarefa pse_prof: completed
INFO:apscheduler.executors.default:Job "auto_update_imports_wrapper (trigger: cron[hour='23', minute='0'], next run at: 2024-11-27 23:00:00 -03)" executed successfully
INFO:apscheduler.executors.default:Job "auto_update_imports_wrapper (trigger: cron[hour='23', minute='0'], next run at: 2024-11-27 23:00:00 -03)" executed successfully
INFO:werkzeug: * Detected change in 'C:\\Users\\ivantp\\Downloads\\flask-react-project\\backend\\Gerar_BPA.py', reloading
INFO:werkzeug: * Restarting with stat
INFO:apscheduler.scheduler:Scheduler started
INFO:apscheduler.scheduler:Added job "auto_update_imports_wrapper" to job store "default"
WARNING:werkzeug: * Debugger is active!
INFO:werkzeug: * Debugger PIN: 111-947-065
INFO:root:2024-11-27 08:22:05.633677: Status da tarefa bpa: running
INFO:root:2024-11-27 08:23:25.013323: Status da tarefa bpa: completed
INFO:werkzeug: * Detected change in 'C:\\Users\\ivantp\\Downloads\\flask-react-project\\backend\\Gerar_BPA.py', reloading
INFO:werkzeug: * Restarting with stat
INFO:apscheduler.scheduler:Scheduler started
INFO:apscheduler.scheduler:Added job "auto_update_imports_wrapper" to job store "default"
WARNING:werkzeug: * Debugger is active!
INFO:werkzeug: * Debugger PIN: 111-947-065
INFO:werkzeug: * Detected change in 'C:\\Users\\ivantp\\Downloads\\flask-react-project\\backend\\Gerar_BPA.py', reloading
INFO:werkzeug: * Restarting with stat
INFO:apscheduler.scheduler:Scheduler started
INFO:apscheduler.scheduler:Added job "auto_update_imports_wrapper" to job store "default"
WARNING:werkzeug: * Debugger is active!
INFO:werkzeug: * Debugger PIN: 111-947-065
INFO:root:2024-11-27 09:16:57.187303: Status da tarefa bpa: running
INFO:root:2024-11-27 09:18:18.304985: Status da tarefa bpa: completed
INFO:root:2024-11-27 09:25:19.121347: Status da tarefa bpa: running
INFO:root:2024-11-27 09:26:20.762301: Status da tarefa bpa: completed
INFO:root:2024-11-27 09:27:32.079240: Status da tarefa bpa: running
INFO:root:2024-11-27 09:28:20.752377: Status da tarefa bpa: completed
INFO:root:2024-11-27 09:31:40.487889: Status da tarefa iaf: running
INFO:root:2024-11-27 09:31:41.163827: Status da tarefa iaf: completed
INFO:root:2024-11-27 09:31:45.237257: Status da tarefa pse: running
INFO:root:2024-11-27 09:31:45.794393: Status da tarefa pse: completed
INFO:root:2024-11-27 09:31:46.261573: Status da tarefa pse_prof: running
INFO:root:2024-11-27 09:31:46.913275: Status da tarefa pse_prof: completed
INFO:root:2024-11-27 09:32:04.036569: Status da tarefa pse_prof: running
INFO:root:2024-11-27 09:32:04.402323: Status da tarefa pse_prof: completed
INFO:root:2024-11-27 09:32:08.853805: Status da tarefa pse: running
INFO:root:2024-11-27 09:32:09.158054: Status da tarefa pse: completed
INFO:root:2024-11-27 09:32:11.611036: Status da tarefa iaf: running
INFO:root:2024-11-27 09:32:11.828981: Status da tarefa iaf: completed
INFO:root:2024-11-27 09:32:19.234602: Status da tarefa visitas: running
INFO:flask_caching:Cache used for key: view//api/unidades-saude
INFO:flask_caching:Cache used for key: view//api/unidades-saude
INFO:flask_caching:Cache used for key: view//api/unidades-saude
INFO:root:2024-11-27 09:40:29.945746: Status da tarefa visitas: completed
INFO:root:2024-11-27 09:40:35.843040: Status da tarefa bpa: running
INFO:root:2024-11-27 09:41:25.194905: Status da tarefa bpa: completed
INFO:werkzeug: * Detected change in 'C:\\Users\\ivantp\\Downloads\\flask-react-project\\backend\\Gerar_BPA.py', reloading
INFO:werkzeug: * Restarting with stat
INFO:apscheduler.scheduler:Scheduler started
INFO:apscheduler.scheduler:Added job "auto_update_imports_wrapper" to job store "default"
WARNING:werkzeug: * Debugger is active!
INFO:werkzeug: * Debugger PIN: 111-947-065
INFO:root:2024-11-27 09:57:16.882740: Status da tarefa bpa: running
INFO:root:2024-11-27 09:58:48.054408: Status da tarefa bpa: completed
INFO:werkzeug: * Detected change in 'C:\\Users\\ivantp\\Downloads\\flask-react-project\\backend\\Consultas.py', reloading
INFO:werkzeug: * Restarting with stat
INFO:apscheduler.scheduler:Scheduler started
INFO:apscheduler.scheduler:Added job "auto_update_imports_wrapper" to job store "default"
WARNING:werkzeug: * Debugger is active!
INFO:werkzeug: * Debugger PIN: 111-947-065
INFO:werkzeug: * Detected change in 'C:\\Users\\ivantp\\Downloads\\flask-react-project\\backend\\Consultas.py', reloading
INFO:werkzeug: * Restarting with stat
INFO:apscheduler.scheduler:Scheduler started
INFO:apscheduler.scheduler:Added job "auto_update_imports_wrapper" to job store "default"
WARNING:werkzeug: * Debugger is active!
INFO:werkzeug: * Debugger PIN: 111-947-065
INFO:root:2024-11-27 11:17:04.026083: Status da tarefa bpa: running
INFO:root:2024-11-27 11:18:14.768747: Status da tarefa bpa: completed
INFO:werkzeug: * Detected change in 'C:\\Users\\ivantp\\Downloads\\flask-react-project\\backend\\Gerar_BPA.py', reloading
INFO:werkzeug: * Restarting with stat
INFO:apscheduler.scheduler:Scheduler started
INFO:apscheduler.scheduler:Added job "auto_update_imports_wrapper" to job store "default"
WARNING:werkzeug: * Debugger is active!
INFO:werkzeug: * Debugger PIN: 111-947-065
INFO:root:2024-11-27 11:45:57.264992: Status da tarefa bpa: running
INFO:root:2024-11-27 11:47:07.973016: Status da tarefa bpa: completed
INFO:root:2024-11-27 13:36:33.580146: Status da tarefa bpa: running
INFO:root:2024-11-27 13:39:13.170550: Status da tarefa bpa: completed
INFO:werkzeug: * Detected change in 'C:\\Users\\ivantp\\Downloads\\flask-react-project\\backend\\Gerar_BPA.py', reloading
INFO:werkzeug: * Restarting with stat
INFO:apscheduler.scheduler:Scheduler started
INFO:apscheduler.scheduler:Added job "auto_update_imports_wrapper" to job store "default"
WARNING:werkzeug: * Debugger is active!
INFO:werkzeug: * Debugger PIN: 111-947-065
INFO:root:2024-11-27 13:51:38.669774: Status da tarefa bpa: running
INFO:root:2024-11-27 13:54:07.114595: Status da tarefa bpa: completed
INFO:werkzeug: * Detected change in 'C:\\Users\\ivantp\\Downloads\\flask-react-project\\backend\\Gerar_BPA.py', reloading
INFO:werkzeug: * Restarting with stat
INFO:apscheduler.scheduler:Scheduler started
INFO:apscheduler.scheduler:Added job "auto_update_imports_wrapper" to job store "default"
WARNING:werkzeug: * Debugger is active!
INFO:werkzeug: * Debugger PIN: 111-947-065
INFO:werkzeug: * Detected change in 'C:\\Users\\ivantp\\Downloads\\flask-react-project\\backend\\Gerar_BPA.py', reloading
INFO:werkzeug: * Restarting with stat
INFO:apscheduler.scheduler:Scheduler started
INFO:apscheduler.scheduler:Added job "auto_update_imports_wrapper" to job store "default"
WARNING:werkzeug: * Debugger is active!
INFO:werkzeug: * Debugger PIN: 111-947-065
INFO:werkzeug: * Detected change in 'C:\\Users\\ivantp\\Downloads\\flask-react-project\\backend\\Gerar_BPA.py', reloading
INFO:werkzeug: * Restarting with stat
INFO:apscheduler.scheduler:Scheduler started
INFO:apscheduler.scheduler:Added job "auto_update_imports_wrapper" to job store "default"
WARNING:werkzeug: * Debugger is active!
INFO:werkzeug: * Debugger PIN: 111-947-065
INFO:root:2024-11-27 15:20:39.708350: Status da tarefa bpa: running
INFO:root:2024-11-27 15:21:53.713466: Status da tarefa bpa: completed
INFO:werkzeug: * Detected change in 'C:\\Users\\ivantp\\Downloads\\flask-react-project\\backend\\Gerar_BPA.py', reloading
INFO:werkzeug: * Restarting with stat
INFO:apscheduler.scheduler:Scheduler started
INFO:apscheduler.scheduler:Added job "auto_update_imports_wrapper" to job store "default"
WARNING:werkzeug: * Debugger is active!
INFO:werkzeug: * Debugger PIN: 111-947-065
INFO:root:2024-11-27 15:24:27.805976: Status da tarefa bpa: running
INFO:root:2024-11-27 15:25:31.284790: Status da tarefa bpa: completed
INFO:werkzeug: * Detected change in 'C:\\Users\\ivantp\\Downloads\\flask-react-project\\backend\\Gerar_BPA.py', reloading
INFO:werkzeug: * Restarting with stat
INFO:apscheduler.scheduler:Scheduler started
INFO:apscheduler.scheduler:Added job "auto_update_imports_wrapper" to job store "default"
WARNING:werkzeug: * Debugger is active!
INFO:werkzeug: * Debugger PIN: 111-947-065
INFO:werkzeug: * Detected change in 'C:\\Users\\ivantp\\Downloads\\flask-react-project\\backend\\Gerar_BPA.py', reloading
INFO:werkzeug: * Restarting with stat
INFO:apscheduler.scheduler:Scheduler started
INFO:apscheduler.scheduler:Added job "auto_update_imports_wrapper" to job store "default"
WARNING:werkzeug: * Debugger is active!
INFO:werkzeug: * Debugger PIN: 111-947-065
INFO:root:2024-11-27 15:27:17.602931: Status da tarefa bpa: running
INFO:root:2024-11-27 15:28:38.253249: Status da tarefa bpa: completed
INFO:root:2024-11-27 15:30:12.021139: Status da tarefa bpa: running
INFO:root:2024-11-27 15:31:17.929547: Status da tarefa bpa: completed
INFO:werkzeug: * Detected change in 'C:\\Users\\ivantp\\Downloads\\flask-react-project\\backend\\Gerar_BPA.py', reloading
INFO:werkzeug: * Restarting with stat
INFO:apscheduler.scheduler:Scheduler started
INFO:apscheduler.scheduler:Added job "auto_update_imports_wrapper" to job store "default"
WARNING:werkzeug: * Debugger is active!
INFO:werkzeug: * Debugger PIN: 111-947-065
INFO:root:2024-11-27 15:45:35.898650: Status da tarefa bpa: running
INFO:root:2024-11-27 15:46:33.210873: Status da tarefa bpa: completed
INFO:werkzeug: * Detected change in 'C:\\Users\\ivantp\\Downloads\\flask-react-project\\backend\\Gerar_BPA.py', reloading
INFO:werkzeug: * Restarting with stat
INFO:apscheduler.scheduler:Scheduler started
INFO:apscheduler.scheduler:Added job "auto_update_imports_wrapper" to job store "default"
WARNING:werkzeug: * Debugger is active!
INFO:werkzeug: * Debugger PIN: 111-947-065
INFO:werkzeug: * Detected change in 'C:\\Users\\ivantp\\Downloads\\flask-react-project\\backend\\Gerar_BPA.py', reloading
INFO:werkzeug: * Restarting with stat
INFO:apscheduler.scheduler:Scheduler started
INFO:apscheduler.scheduler:Added job "auto_update_imports_wrapper" to job store "default"
WARNING:werkzeug: * Debugger is active!
INFO:werkzeug: * Debugger PIN: 111-947-065
INFO:apscheduler.executors.default:Running job "auto_update_imports_wrapper (trigger: cron[hour='23', minute='0'], next run at: 2024-11-28 23:00:00 -03)" (scheduled at 2024-11-27 23:00:00-03:00)
INFO:root:2024-11-27 23:00:00.473901: Status da tarefa cadastro: running
INFO:root:2024-11-27 23:00:01.249550: Status da tarefa cadastro: failed
WARNING:apscheduler.executors.default:Run time of job "auto_update_imports_wrapper (trigger: cron[hour='23', minute='0'], next run at: 2024-11-28 23:00:00 -03)" was missed by 0:00:01.252468
INFO:root:2024-11-27 23:00:12.323191: Status da tarefa domiciliofcd: running
INFO:root:2024-11-27 23:00:32.019377: Status da tarefa domiciliofcd: completed
INFO:root:2024-11-27 23:00:43.090571: Status da tarefa visitas: running
INFO:root:2024-11-27 23:06:37.432726: Status da tarefa visitas: completed
INFO:root:2024-11-27 23:06:48.529438: Status da tarefa iaf: running
INFO:root:2024-11-27 23:06:49.398598: Status da tarefa iaf: completed
INFO:root:2024-11-27 23:07:00.472864: Status da tarefa pse: running
INFO:root:2024-11-27 23:07:00.900174: Status da tarefa pse: completed
INFO:root:2024-11-27 23:07:11.970911: Status da tarefa pse_prof: running
INFO:root:2024-11-27 23:07:12.468430: Status da tarefa pse_prof: completed
INFO:apscheduler.executors.default:Job "auto_update_imports_wrapper (trigger: cron[hour='23', minute='0'], next run at: 2024-11-28 23:00:00 -03)" executed successfully
INFO:werkzeug: * Detected change in 'C:\\Users\\ivantp\\Downloads\\flask-react-project\\backend\\Gerar_BPA.py', reloading
INFO:werkzeug: * Restarting with stat
INFO:apscheduler.scheduler:Scheduler started
INFO:apscheduler.scheduler:Added job "auto_update_imports_wrapper" to job store "default"
WARNING:werkzeug: * Debugger is active!
INFO:werkzeug: * Debugger PIN: 111-947-065
INFO:root:2024-11-28 08:10:35.450209: Status da tarefa bpa: running
INFO:root:2024-11-28 08:11:56.708831: Status da tarefa bpa: completed
INFO:werkzeug: * Detected change in 'C:\\Users\\ivantp\\Downloads\\flask-react-project\\backend\\Gerar_BPA.py', reloading
INFO:werkzeug: * Restarting with stat
INFO:apscheduler.scheduler:Scheduler started
INFO:apscheduler.scheduler:Added job "auto_update_imports_wrapper" to job store "default"
WARNING:werkzeug: * Debugger is active!
INFO:werkzeug: * Debugger PIN: 111-947-065
INFO:root:2024-11-28 08:12:53.942475: Status da tarefa bpa: running
INFO:werkzeug: * Detected change in 'C:\\Users\\ivantp\\Downloads\\flask-react-project\\backend\\Gerar_BPA.py', reloading
INFO:werkzeug: * Restarting with stat
INFO:apscheduler.scheduler:Scheduler started
INFO:apscheduler.scheduler:Added job "auto_update_imports_wrapper" to job store "default"
WARNING:werkzeug: * Debugger is active!
INFO:werkzeug: * Debugger PIN: 111-947-065
INFO:root:2024-11-28 08:14:01.169513: Status da tarefa bpa: running
INFO:werkzeug: * Detected change in 'C:\\Users\\ivantp\\Downloads\\flask-react-project\\backend\\Gerar_BPA.py', reloading
INFO:werkzeug: * Restarting with stat
INFO:apscheduler.scheduler:Scheduler started
INFO:apscheduler.scheduler:Added job "auto_update_imports_wrapper" to job store "default"
WARNING:werkzeug: * Debugger is active!
INFO:werkzeug: * Debugger PIN: 111-947-065
INFO:root:2024-11-28 08:14:12.694721: Status da tarefa bpa: running
INFO:root:2024-11-28 08:15:17.202526: Status da tarefa bpa: completed
INFO:werkzeug: * Detected change in 'C:\\Users\\ivantp\\Downloads\\flask-react-project\\backend\\Gerar_BPA.py', reloading
INFO:werkzeug: * Restarting with stat
INFO:apscheduler.scheduler:Scheduler started
INFO:apscheduler.scheduler:Added job "auto_update_imports_wrapper" to job store "default"
WARNING:werkzeug: * Debugger is active!
INFO:werkzeug: * Debugger PIN: 111-947-065
INFO:root:2024-11-28 08:19:53.437840: Status da tarefa bpa: running
INFO:root:2024-11-28 08:20:56.865411: Status da tarefa bpa: completed
INFO:werkzeug: * Detected change in 'C:\\Users\\ivantp\\Downloads\\flask-react-project\\backend\\Gerar_BPA.py', reloading
INFO:werkzeug: * Restarting with stat
INFO:apscheduler.scheduler:Scheduler started
INFO:apscheduler.scheduler:Added job "auto_update_imports_wrapper" to job store "default"
WARNING:werkzeug: * Debugger is active!
INFO:werkzeug: * Debugger PIN: 111-947-065
INFO:werkzeug: * Detected change in 'C:\\Users\\ivantp\\Downloads\\flask-react-project\\backend\\Gerar_BPA.py', reloading
INFO:werkzeug: * Restarting with stat
INFO:apscheduler.scheduler:Scheduler started
INFO:apscheduler.scheduler:Added job "auto_update_imports_wrapper" to job store "default"
WARNING:werkzeug: * Debugger is active!
INFO:werkzeug: * Debugger PIN: 111-947-065
INFO:root:2024-11-28 08:32:57.650057: Status da tarefa bpa: running
INFO:root:2024-11-28 08:34:02.380944: Status da tarefa bpa: completed
INFO:werkzeug: * Detected change in 'C:\\Users\\ivantp\\Downloads\\flask-react-project\\backend\\Gerar_BPA.py', reloading
INFO:werkzeug: * Restarting with stat
INFO:apscheduler.scheduler:Scheduler started
INFO:apscheduler.scheduler:Added job "auto_update_imports_wrapper" to job store "default"
WARNING:werkzeug: * Debugger is active!
INFO:werkzeug: * Debugger PIN: 111-947-065
INFO:werkzeug: * Detected change in 'C:\\Users\\ivantp\\Downloads\\flask-react-project\\backend\\Gerar_BPA.py', reloading
INFO:werkzeug: * Restarting with stat
INFO:apscheduler.scheduler:Scheduler started
INFO:apscheduler.scheduler:Added job "auto_update_imports_wrapper" to job store "default"
WARNING:werkzeug: * Debugger is active!
INFO:werkzeug: * Debugger PIN: 111-947-065
INFO:root:2024-11-28 08:43:11.646566: Status da tarefa bpa: running
INFO:root:2024-11-28 08:44:08.674408: Status da tarefa bpa: completed
INFO:werkzeug: * Detected change in 'C:\\Users\\ivantp\\Downloads\\flask-react-project\\backend\\Gerar_BPA.py', reloading
INFO:werkzeug: * Restarting with stat
INFO:apscheduler.scheduler:Scheduler started
INFO:apscheduler.scheduler:Added job "auto_update_imports_wrapper" to job store "default"
WARNING:werkzeug: * Debugger is active!
INFO:werkzeug: * Debugger PIN: 111-947-065
INFO:root:2024-11-28 08:57:27.741356: Status da tarefa bpa: running
INFO:root:2024-11-28 08:58:36.417754: Status da tarefa bpa: completed
INFO:werkzeug: * Detected change in 'C:\\Users\\ivantp\\Downloads\\flask-react-project\\backend\\Gerar_BPA.py', reloading
INFO:werkzeug: * Restarting with stat
INFO:apscheduler.scheduler:Scheduler started
INFO:apscheduler.scheduler:Added job "auto_update_imports_wrapper" to job store "default"
WARNING:werkzeug: * Debugger is active!
INFO:werkzeug: * Debugger PIN: 111-947-065
INFO:root:2024-11-28 09:02:07.145963: Status da tarefa bpa: running
INFO:root:2024-11-28 09:03:04.512424: Status da tarefa bpa: completed
INFO:werkzeug: * Detected change in 'C:\\Users\\ivantp\\Downloads\\flask-react-project\\backend\\Gerar_BPA.py', reloading
INFO:werkzeug: * Restarting with stat
INFO:apscheduler.scheduler:Scheduler started
INFO:apscheduler.scheduler:Added job "auto_update_imports_wrapper" to job store "default"
WARNING:werkzeug: * Debugger is active!
INFO:werkzeug: * Debugger PIN: 111-947-065
INFO:root:2024-11-28 09:06:27.929088: Status da tarefa bpa: running
INFO:root:2024-11-28 09:07:31.947257: Status da tarefa bpa: completed
INFO:werkzeug: * Detected change in 'C:\\Users\\ivantp\\Downloads\\flask-react-project\\backend\\Gerar_BPA.py', reloading
INFO:werkzeug: * Restarting with stat
INFO:apscheduler.scheduler:Scheduler started
INFO:apscheduler.scheduler:Added job "auto_update_imports_wrapper" to job store "default"
WARNING:werkzeug: * Debugger is active!
INFO:werkzeug: * Debugger PIN: 111-947-065
INFO:werkzeug: * Detected change in 'C:\\Users\\ivantp\\Downloads\\flask-react-project\\backend\\Gerar_BPA.py', reloading
INFO:werkzeug: * Restarting with stat
INFO:apscheduler.scheduler:Scheduler started
INFO:apscheduler.scheduler:Added job "auto_update_imports_wrapper" to job store "default"
WARNING:werkzeug: * Debugger is active!
INFO:werkzeug: * Debugger PIN: 111-947-065
INFO:root:2024-11-28 09:29:28.390591: Status da tarefa bpa: running
INFO:root:2024-11-28 09:30:42.832050: Status da tarefa bpa: completed
INFO:werkzeug: * Detected change in 'C:\\Users\\ivantp\\Downloads\\flask-react-project\\backend\\Gerar_BPA.py', reloading
INFO:werkzeug: * Restarting with stat
INFO:apscheduler.scheduler:Scheduler started
INFO:apscheduler.scheduler:Added job "auto_update_imports_wrapper" to job store "default"
WARNING:werkzeug: * Debugger is active!
INFO:werkzeug: * Debugger PIN: 111-947-065
INFO:flask_caching:Cache used for key: view//api/unidades-saude
INFO:flask_caching:Cache used for key: view//api/unidades-saude
INFO:root:2024-11-28 09:44:35.133207: Status da tarefa bpa: running
INFO:root:2024-11-28 09:45:45.695839: Status da tarefa bpa: completed
